<?xml version="1.0" encoding="UTF-8"?>
<testng-results skipped="0" failed="0" total="3" passed="3">
  <reporter-output>
  </reporter-output>
  <suite name="Default suite" duration-ms="61877" started-at="2016-02-25T14:08:50Z" finished-at="2016-02-25T14:09:52Z">
    <groups>
    </groups>
    <test name="Default test" duration-ms="61877" started-at="2016-02-25T14:08:50Z" finished-at="2016-02-25T14:09:52Z">
      <class name="Scenarios.Scenarios">
        <test-method status="PASS" signature="getCurrentPage()[pri:0, instance:Scenarios.Scenarios@82bba21]" name="getCurrentPage" is-config="true" duration-ms="35658" started-at="2016-02-25T19:38:50Z" finished-at="2016-02-25T19:39:26Z">
          <reporter-output>
          </reporter-output>
        </test-method> <!-- getCurrentPage -->
        <test-method status="PASS" signature="SignIn()[pri:1, instance:Scenarios.Scenarios@82bba21]" name="SignIn" duration-ms="12435" started-at="2016-02-25T19:39:26Z" finished-at="2016-02-25T19:39:38Z">
          <reporter-output>
          </reporter-output>
        </test-method> <!-- SignIn -->
        <test-method status="PASS" signature="Spot_Clean()[pri:2, instance:Scenarios.Scenarios@82bba21]" name="Spot_Clean" duration-ms="6159" started-at="2016-02-25T19:39:38Z" finished-at="2016-02-25T19:39:44Z">
          <reporter-output>
          </reporter-output>
        </test-method> <!-- Spot_Clean -->
        <test-method status="PASS" signature="Whole_Home()[pri:3, instance:Scenarios.Scenarios@82bba21]" name="Whole_Home" duration-ms="6518" started-at="2016-02-25T19:39:44Z" finished-at="2016-02-25T19:39:51Z">
          <reporter-output>
          </reporter-output>
        </test-method> <!-- Whole_Home -->
        <test-method status="PASS" signature="FinishAutomation()[pri:0, instance:Scenarios.Scenarios@82bba21]" name="FinishAutomation" is-config="true" duration-ms="1087" started-at="2016-02-25T19:39:51Z" finished-at="2016-02-25T19:39:52Z">
          <reporter-output>
          </reporter-output>
        </test-method> <!-- FinishAutomation -->
      </class> <!-- Scenarios.Scenarios -->
    </test> <!-- Default test -->
  </suite> <!-- Default suite -->
</testng-results>
